Using pre-set license
Built from '2021.1/staging' branch; Version is '2021.1.6f1 (c0fade0cc7e9) revision 12647134'; Using compiler version '192528614'; Build Type 'Release'
OS: 'Windows 10 Home; OS build 19042.928; Version 2009; 64bit' Language: 'pl' Physical Memory: 7986 MB
BatchMode: 1, IsHumanControllingUs: 0, StartBugReporterOnCrash: 0, Is64bit: 1, IsPro: 0

 COMMAND LINE ARGUMENTS:
C:\Program Files\Unity\Hub\Editor\2021.1.6f1\Editor\Unity.exe
-adb2
-batchMode
-noUpm
-name
AssetImportWorker0
-projectPath
C:/Unity/Zadanie testowe jajka/Zadanie Testowe Dawid Fijałkowski
-logFile
Logs/AssetImportWorker0.log
-srvPort
49525
Successfully changed project path to: C:/Unity/Zadanie testowe jajka/Zadanie Testowe Dawid Fijałkowski
C:/Unity/Zadanie testowe jajka/Zadanie Testowe Dawid Fijałkowski
Using Asset Import Pipeline V2.
Refreshing native plugins compatible for Editor in 147.74 ms, found 1 plugins.
Preloading 0 native plugins for Editor in 0.00 ms.
Initialize engine version: 2021.1.6f1 (c0fade0cc7e9)
[Subsystems] Discovering subsystems at path C:/Program Files/Unity/Hub/Editor/2021.1.6f1/Editor/Data/Resources/UnitySubsystems
[Subsystems] Discovering subsystems at path C:/Unity/Zadanie testowe jajka/Zadanie Testowe Dawid Fijałkowski/Assets
GfxDevice: creating device client; threaded=0; jobified=0
Direct3D:
    Version:  Direct3D 11.0 [level 11.1]
    Renderer: Intel(R) UHD Graphics 620 (ID=0x3ea0)
    Vendor:   Intel
    VRAM:     3993 MB
    Driver:   25.20.100.6471
Initialize mono
Mono path[0] = 'C:/Program Files/Unity/Hub/Editor/2021.1.6f1/Editor/Data/Managed'
Mono path[1] = 'C:/Program Files/Unity/Hub/Editor/2021.1.6f1/Editor/Data/MonoBleedingEdge/lib/mono/unityjit'
Mono config path = 'C:/Program Files/Unity/Hub/Editor/2021.1.6f1/Editor/Data/MonoBleedingEdge/etc'
Using monoOptions --debugger-agent=transport=dt_socket,embedding=1,server=y,suspend=n,address=127.0.0.1:56052
Begin MonoManager ReloadAssembly
Registering precompiled unity dll's ...
Register platform support module: C:/Program Files/Unity/Hub/Editor/2021.1.6f1/Editor/Data/PlaybackEngines/WindowsStandaloneSupport/UnityEditor.WindowsStandalone.Extensions.dll
Registered in 0.002206 seconds.
Native extension for WindowsStandalone target not found
Refreshing native plugins compatible for Editor in 205.72 ms, found 1 plugins.
Preloading 0 native plugins for Editor in 0.00 ms.
Mono: successfully reloaded assembly
- Completed reload, in  4.777 seconds
Platform modules already initialized, skipping
Registering precompiled user dll's ...
Registered in 0.005059 seconds.
Begin MonoManager ReloadAssembly
Native extension for WindowsStandalone target not found
Refreshing native plugins compatible for Editor in 189.63 ms, found 1 plugins.
Preloading 0 native plugins for Editor in 0.00 ms.
Mono: successfully reloaded assembly
- Completed reload, in  2.454 seconds
Platform modules already initialized, skipping
========================================================================
Worker process is ready to serve import requests
Launched and connected shader compiler UnityShaderCompiler.exe after 0.13 seconds
Refreshing native plugins compatible for Editor in 1.07 ms, found 1 plugins.
Preloading 0 native plugins for Editor in 0.00 ms.
Unloading 5403 Unused Serialized files (Serialized files now loaded: 0)
System memory in use before: 226.1 MB.
System memory in use after: 223.3 MB.

Unloading 50 unused Assets to reduce memory usage. Loaded Objects now: 5831.
Total: 7.274800 ms (FindLiveObjects: 0.579000 ms CreateObjectMapping: 0.502400 ms MarkObjects: 3.777000 ms  DeleteObjects: 2.415200 ms)

========================================================================
Received Import Request.
  path: Assets/ufo.mat
  artifactKey: Guid(408bd24e0dd633047be0f68a9d4e787d) Importer(815301076,1909f56bfc062723c751e8b465ee728b)
Start importing Assets/ufo.mat using Guid(408bd24e0dd633047be0f68a9d4e787d) Importer(815301076,1909f56bfc062723c751e8b465ee728b) Launched and connected shader compiler UnityShaderCompiler.exe after 0.11 seconds
Launched and connected shader compiler UnityShaderCompiler.exe after 0.16 seconds
Launched and connected shader compiler UnityShaderCompiler.exe after 0.15 seconds
Launched and connected shader compiler UnityShaderCompiler.exe after 0.14 seconds
Launched and connected shader compiler UnityShaderCompiler.exe after 0.21 seconds
Launched and connected shader compiler UnityShaderCompiler.exe after 0.23 seconds
Launched and connected shader compiler UnityShaderCompiler.exe after 0.20 seconds
 -> (artifact id: '72e02f260d968b1e28b24229c603e2a5') in 2.597668 seconds 
========================================================================
Received Import Request.
  Time since last request: 42.658399 seconds.
  path: Assets/ufo.mat
  artifactKey: Guid(408bd24e0dd633047be0f68a9d4e787d) Importer(815301076,1909f56bfc062723c751e8b465ee728b)
Start importing Assets/ufo.mat using Guid(408bd24e0dd633047be0f68a9d4e787d) Importer(815301076,1909f56bfc062723c751e8b465ee728b)  -> (artifact id: 'a084eda18f0a3b1cccbf61c62f7491d8') in 0.056154 seconds 
========================================================================
Received Prepare
Registering precompiled user dll's ...
Registered in 0.005929 seconds.
Begin MonoManager ReloadAssembly
Native extension for WindowsStandalone target not found
Refreshing native plugins compatible for Editor in 1.07 ms, found 1 plugins.
Preloading 0 native plugins for Editor in 0.00 ms.
Mono: successfully reloaded assembly
- Completed reload, in  1.682 seconds
Platform modules already initialized, skipping
Refreshing native plugins compatible for Editor in 1.11 ms, found 1 plugins.
Preloading 0 native plugins for Editor in 0.00 ms.
Unloading 5160 Unused Serialized files (Serialized files now loaded: 0)
System memory in use before: 226.2 MB.
System memory in use after: 223.9 MB.

Unloading 37 unused Assets to reduce memory usage. Loaded Objects now: 6006.
Total: 7.171100 ms (FindLiveObjects: 0.791300 ms CreateObjectMapping: 0.506500 ms MarkObjects: 3.761200 ms  DeleteObjects: 2.110900 ms)

========================================================================
Received Prepare
Registering precompiled user dll's ...
Registered in 0.023790 seconds.
Begin MonoManager ReloadAssembly
Native extension for WindowsStandalone target not found
Refreshing native plugins compatible for Editor in 3.59 ms, found 1 plugins.
Preloading 0 native plugins for Editor in 0.00 ms.
Mono: successfully reloaded assembly
- Completed reload, in  5.201 seconds
Platform modules already initialized, skipping
Refreshing native plugins compatible for Editor in 5.17 ms, found 1 plugins.
Preloading 0 native plugins for Editor in 0.00 ms.
Unloading 5143 Unused Serialized files (Serialized files now loaded: 0)
System memory in use before: 225.4 MB.
System memory in use after: 223.0 MB.

Unloading 37 unused Assets to reduce memory usage. Loaded Objects now: 6009.
Total: 16.547000 ms (FindLiveObjects: 2.353600 ms CreateObjectMapping: 3.343000 ms MarkObjects: 6.809700 ms  DeleteObjects: 4.037000 ms)

========================================================================
Received Prepare
Registering precompiled user dll's ...
Registered in 0.014297 seconds.
Begin MonoManager ReloadAssembly
Native extension for WindowsStandalone target not found
Refreshing native plugins compatible for Editor in 1.66 ms, found 1 plugins.
Preloading 0 native plugins for Editor in 0.00 ms.
Mono: successfully reloaded assembly
- Completed reload, in  4.769 seconds
Platform modules already initialized, skipping
Refreshing native plugins compatible for Editor in 1.84 ms, found 1 plugins.
Preloading 0 native plugins for Editor in 0.00 ms.
Unloading 5143 Unused Serialized files (Serialized files now loaded: 0)
System memory in use before: 225.2 MB.
System memory in use after: 222.9 MB.

Unloading 37 unused Assets to reduce memory usage. Loaded Objects now: 6012.
Total: 17.498500 ms (FindLiveObjects: 1.004600 ms CreateObjectMapping: 1.688800 ms MarkObjects: 8.270400 ms  DeleteObjects: 6.531900 ms)

========================================================================
Received Import Request.
  Time since last request: 881.524920 seconds.
  path: Assets/Materialy
  artifactKey: Guid(c03a7d95181ee6148a79efe020e8ff5d) Importer(815301076,1909f56bfc062723c751e8b465ee728b)
Start importing Assets/Materialy using Guid(c03a7d95181ee6148a79efe020e8ff5d) Importer(815301076,1909f56bfc062723c751e8b465ee728b)  -> (artifact id: 'f623dd9094bb8eb955e4f785e3dc2212') in 0.022677 seconds 
========================================================================
Received Import Request.
  Time since last request: 12.964874 seconds.
  path: Assets/Font
  artifactKey: Guid(ceddb9946302ff04fa6efc5acc68bb2e) Importer(815301076,1909f56bfc062723c751e8b465ee728b)
Start importing Assets/Font using Guid(ceddb9946302ff04fa6efc5acc68bb2e) Importer(815301076,1909f56bfc062723c751e8b465ee728b)  -> (artifact id: 'a97c09291374c8bc7e49d39608388b51') in 0.009344 seconds 
========================================================================
Received Import Request.
  Time since last request: 0.044313 seconds.
  path: Assets/Font/Digital Dismay SDF.asset
  artifactKey: Guid(986d602e3f98b2346a4a95ab13f9f514) Importer(815301076,1909f56bfc062723c751e8b465ee728b)
Start importing Assets/Font/Digital Dismay SDF.asset using Guid(986d602e3f98b2346a4a95ab13f9f514) Importer(815301076,1909f56bfc062723c751e8b465ee728b)  -> (artifact id: '9eb1f0a2298fbb1bb8b4622448fd76b0') in 0.804093 seconds 
========================================================================
Received Import Request.
  Time since last request: 20.118210 seconds.
  path: Assets/Assety
  artifactKey: Guid(295c9500bebc8fe498b3d7781787edf9) Importer(815301076,1909f56bfc062723c751e8b465ee728b)
Start importing Assets/Assety using Guid(295c9500bebc8fe498b3d7781787edf9) Importer(815301076,1909f56bfc062723c751e8b465ee728b)  -> (artifact id: '882d3f702a48512a0408015d4234c2ab') in 0.012970 seconds 
========================================================================
Received Import Request.
  Time since last request: 39.330279 seconds.
  path: Assets/Minigra
  artifactKey: Guid(5e564db9522c02148b69c1ca292e3875) Importer(815301076,1909f56bfc062723c751e8b465ee728b)
Start importing Assets/Minigra using Guid(5e564db9522c02148b69c1ca292e3875) Importer(815301076,1909f56bfc062723c751e8b465ee728b)  -> (artifact id: 'a699d6362888c58f0c27d302798befad') in 0.010740 seconds 
========================================================================
Received Prepare
Registering precompiled user dll's ...
Registered in 0.004660 seconds.
Begin MonoManager ReloadAssembly
Native extension for WindowsStandalone target not found
Refreshing native plugins compatible for Editor in 1.12 ms, found 1 plugins.
Preloading 0 native plugins for Editor in 0.00 ms.
Mono: successfully reloaded assembly
- Completed reload, in  1.662 seconds
Platform modules already initialized, skipping
Refreshing native plugins compatible for Editor in 1.31 ms, found 1 plugins.
Preloading 0 native plugins for Editor in 0.00 ms.
Unloading 5144 Unused Serialized files (Serialized files now loaded: 0)
System memory in use before: 226.3 MB.
System memory in use after: 223.9 MB.

Unloading 37 unused Assets to reduce memory usage. Loaded Objects now: 6135.
Total: 11.668800 ms (FindLiveObjects: 1.059400 ms CreateObjectMapping: 1.381500 ms MarkObjects: 6.704300 ms  DeleteObjects: 2.521200 ms)

========================================================================
Received Import Request.
  Time since last request: 124.155271 seconds.
  path: Assets/Assety/BrokenVector/FreeLowPolyPack/Textures/Colorsheet Fence Brown.png
  artifactKey: Guid(d63761f76a7a53b43b47dd37908310e3) Importer(815301076,1909f56bfc062723c751e8b465ee728b)
Start importing Assets/Assety/BrokenVector/FreeLowPolyPack/Textures/Colorsheet Fence Brown.png using Guid(d63761f76a7a53b43b47dd37908310e3) Importer(815301076,1909f56bfc062723c751e8b465ee728b)  -> (artifact id: '1dbf302352272e6bca46a8d5c5605050') in 0.108018 seconds 
========================================================================
Received Import Request.
  Time since last request: 0.000295 seconds.
  path: Assets/Assety/BrokenVector/FreeLowPolyPack/Textures/Occlusion Fence.png
  artifactKey: Guid(e6b815121a9ab9042a015f0766222deb) Importer(815301076,1909f56bfc062723c751e8b465ee728b)
Start importing Assets/Assety/BrokenVector/FreeLowPolyPack/Textures/Occlusion Fence.png using Guid(e6b815121a9ab9042a015f0766222deb) Importer(815301076,1909f56bfc062723c751e8b465ee728b)  -> (artifact id: '867adaf0ab80663a41fec77ef60321cf') in 0.025169 seconds 
========================================================================
Received Import Request.
  Time since last request: 0.000875 seconds.
  path: Assets/Assety/BrokenVector/FreeLowPolyPack/Textures/Colorsheet Rock Grey.png
  artifactKey: Guid(6eb1476b439514548903a089becbf46a) Importer(815301076,1909f56bfc062723c751e8b465ee728b)
Start importing Assets/Assety/BrokenVector/FreeLowPolyPack/Textures/Colorsheet Rock Grey.png using Guid(6eb1476b439514548903a089becbf46a) Importer(815301076,1909f56bfc062723c751e8b465ee728b)  -> (artifact id: 'f0cac9aed695c5851f4de6f231aaffb9') in 0.019982 seconds 
========================================================================
Received Import Request.
  Time since last request: 0.000269 seconds.
  path: Assets/Assety/BrokenVector/FreeLowPolyPack/Textures/Colorsheet Tree Normal.png
  artifactKey: Guid(8ba8b94b5ab0c214fa2810a7df98a1a9) Importer(815301076,1909f56bfc062723c751e8b465ee728b)
Start importing Assets/Assety/BrokenVector/FreeLowPolyPack/Textures/Colorsheet Tree Normal.png using Guid(8ba8b94b5ab0c214fa2810a7df98a1a9) Importer(815301076,1909f56bfc062723c751e8b465ee728b)  -> (artifact id: '64b16b919a676c07e5856e51f14681e4') in 0.016607 seconds 
========================================================================
Received Import Request.
  Time since last request: 0.000237 seconds.
  path: Assets/TextMesh Pro/Sprites/EmojiOne.png
  artifactKey: Guid(dffef66376be4fa480fb02b19edbe903) Importer(815301076,1909f56bfc062723c751e8b465ee728b)
Start importing Assets/TextMesh Pro/Sprites/EmojiOne.png using Guid(dffef66376be4fa480fb02b19edbe903) Importer(815301076,1909f56bfc062723c751e8b465ee728b)  -> (artifact id: '24f7c8910124ef1c92ff1940648cc30b') in 0.024753 seconds 
========================================================================
Received Import Request.
  Time since last request: 0.000284 seconds.
  path: Assets/TextMesh Pro/Resources/Fonts & Materials/LiberationSans SDF - Fallback.asset
  artifactKey: Guid(2e498d1c8094910479dc3e1b768306a4) Importer(815301076,1909f56bfc062723c751e8b465ee728b)
Start importing Assets/TextMesh Pro/Resources/Fonts & Materials/LiberationSans SDF - Fallback.asset using Guid(2e498d1c8094910479dc3e1b768306a4) Importer(815301076,1909f56bfc062723c751e8b465ee728b)  -> (artifact id: '84b0ad403a40c46c19707e5fd73d9651') in 1.120507 seconds 
========================================================================
Received Import Request.
  Time since last request: 0.000477 seconds.
  path: Assets/TextMesh Pro/Resources/Fonts & Materials/LiberationSans SDF.asset
  artifactKey: Guid(8f586378b4e144a9851e7b34d9b748ee) Importer(815301076,1909f56bfc062723c751e8b465ee728b)
Start importing Assets/TextMesh Pro/Resources/Fonts & Materials/LiberationSans SDF.asset using Guid(8f586378b4e144a9851e7b34d9b748ee) Importer(815301076,1909f56bfc062723c751e8b465ee728b)  -> (artifact id: '5015ae73424e152ccaf56ca2277127a2') in 0.107384 seconds 
========================================================================
Received Import Request.
  Time since last request: 8.912645 seconds.
  path: Assets/chicken.ico
  artifactKey: Guid(90410b7d3811c9441b2df36801bcb610) Importer(815301076,1909f56bfc062723c751e8b465ee728b)
Start importing Assets/chicken.ico using Guid(90410b7d3811c9441b2df36801bcb610) Importer(815301076,1909f56bfc062723c751e8b465ee728b)  -> (artifact id: '6032ef679a4adbe0497525a4909f78e7') in 0.027901 seconds 
========================================================================
Received Import Request.
  Time since last request: 16.990671 seconds.
  path: Assets/chicken.png
  artifactKey: Guid(7b16f8242b53d844b8ea32205093d9f3) Importer(815301076,1909f56bfc062723c751e8b465ee728b)
Start importing Assets/chicken.png using Guid(7b16f8242b53d844b8ea32205093d9f3) Importer(815301076,1909f56bfc062723c751e8b465ee728b)  -> (artifact id: '0beaf5aace40b631fbac747332c74370') in 0.050006 seconds 
========================================================================
Received Prepare
Refreshing native plugins compatible for Editor in 9.62 ms, found 1 plugins.
Preloading 0 native plugins for Editor in 0.00 ms.
Unloading 35 Unused Serialized files (Serialized files now loaded: 0)
System memory in use before: 142.9 MB.
System memory in use after: 140.6 MB.

Unloading 35 unused Assets to reduce memory usage. Loaded Objects now: 6491.
Total: 15.797500 ms (FindLiveObjects: 0.721800 ms CreateObjectMapping: 0.666500 ms MarkObjects: 11.787200 ms  DeleteObjects: 2.620000 ms)

========================================================================
Received Prepare
Registering precompiled user dll's ...
Registered in 0.005525 seconds.
Begin MonoManager ReloadAssembly
Native extension for WindowsStandalone target not found
Refreshing native plugins compatible for Editor in 3.18 ms, found 1 plugins.
Preloading 0 native plugins for Editor in 0.00 ms.
Mono: successfully reloaded assembly
- Completed reload, in  2.120 seconds
Platform modules already initialized, skipping
Refreshing native plugins compatible for Editor in 1.14 ms, found 1 plugins.
Preloading 0 native plugins for Editor in 0.00 ms.
Unloading 5151 Unused Serialized files (Serialized files now loaded: 0)
System memory in use before: 231.4 MB.
System memory in use after: 229.1 MB.

Unloading 37 unused Assets to reduce memory usage. Loaded Objects now: 6364.
Total: 7.599100 ms (FindLiveObjects: 0.621700 ms CreateObjectMapping: 0.456500 ms MarkObjects: 4.309100 ms  DeleteObjects: 2.210500 ms)

========================================================================
Received Prepare
Registering precompiled user dll's ...
Registered in 0.007231 seconds.
Begin MonoManager ReloadAssembly
Native extension for WindowsStandalone target not found
Refreshing native plugins compatible for Editor in 1.93 ms, found 1 plugins.
Preloading 0 native plugins for Editor in 0.00 ms.
Mono: successfully reloaded assembly
- Completed reload, in  5.535 seconds
Platform modules already initialized, skipping
Refreshing native plugins compatible for Editor in 6.38 ms, found 1 plugins.
Preloading 0 native plugins for Editor in 0.00 ms.
Unloading 5143 Unused Serialized files (Serialized files now loaded: 0)
System memory in use before: 231.2 MB.
System memory in use after: 228.9 MB.

Unloading 37 unused Assets to reduce memory usage. Loaded Objects now: 6367.
Total: 35.433000 ms (FindLiveObjects: 2.050500 ms CreateObjectMapping: 1.060800 ms MarkObjects: 17.151200 ms  DeleteObjects: 15.163000 ms)

========================================================================
Received Prepare
Registering precompiled user dll's ...
Registered in 0.005564 seconds.
Begin MonoManager ReloadAssembly
Native extension for WindowsStandalone target not found
Refreshing native plugins compatible for Editor in 1.01 ms, found 1 plugins.
Preloading 0 native plugins for Editor in 0.00 ms.
Mono: successfully reloaded assembly
- Completed reload, in  1.772 seconds
Platform modules already initialized, skipping
Refreshing native plugins compatible for Editor in 1.18 ms, found 1 plugins.
Preloading 0 native plugins for Editor in 0.00 ms.
Unloading 5143 Unused Serialized files (Serialized files now loaded: 0)
System memory in use before: 231.2 MB.
System memory in use after: 228.9 MB.

Unloading 37 unused Assets to reduce memory usage. Loaded Objects now: 6370.
Total: 7.649800 ms (FindLiveObjects: 0.656500 ms CreateObjectMapping: 0.492100 ms MarkObjects: 4.099900 ms  DeleteObjects: 2.400000 ms)

========================================================================
Received Prepare
Registering precompiled user dll's ...
Registered in 0.014550 seconds.
Begin MonoManager ReloadAssembly
Native extension for WindowsStandalone target not found
Refreshing native plugins compatible for Editor in 3.75 ms, found 1 plugins.
Preloading 0 native plugins for Editor in 0.00 ms.
Mono: successfully reloaded assembly
- Completed reload, in  5.380 seconds
Platform modules already initialized, skipping
Refreshing native plugins compatible for Editor in 1.23 ms, found 1 plugins.
Preloading 0 native plugins for Editor in 0.00 ms.
Unloading 5143 Unused Serialized files (Serialized files now loaded: 0)
System memory in use before: 231.2 MB.
System memory in use after: 228.9 MB.

Unloading 37 unused Assets to reduce memory usage. Loaded Objects now: 6373.
Total: 21.026200 ms (FindLiveObjects: 1.407700 ms CreateObjectMapping: 1.065300 ms MarkObjects: 11.046700 ms  DeleteObjects: 7.503200 ms)

========================================================================
Received Prepare
Registering precompiled user dll's ...
Registered in 0.013785 seconds.
Begin MonoManager ReloadAssembly
Native extension for WindowsStandalone target not found
Refreshing native plugins compatible for Editor in 1.12 ms, found 1 plugins.
Preloading 0 native plugins for Editor in 0.00 ms.
Mono: successfully reloaded assembly
- Completed reload, in  2.086 seconds
Platform modules already initialized, skipping
Refreshing native plugins compatible for Editor in 1.14 ms, found 1 plugins.
Preloading 0 native plugins for Editor in 0.00 ms.
Unloading 5143 Unused Serialized files (Serialized files now loaded: 0)
System memory in use before: 231.2 MB.
System memory in use after: 228.9 MB.

Unloading 37 unused Assets to reduce memory usage. Loaded Objects now: 6376.
Total: 7.480800 ms (FindLiveObjects: 0.646500 ms CreateObjectMapping: 0.468400 ms MarkObjects: 4.342900 ms  DeleteObjects: 2.021600 ms)

========================================================================
Received Prepare
Registering precompiled user dll's ...
Registered in 0.005373 seconds.
Begin MonoManager ReloadAssembly
Native extension for WindowsStandalone target not found
Refreshing native plugins compatible for Editor in 1.09 ms, found 1 plugins.
Preloading 0 native plugins for Editor in 0.00 ms.
Mono: successfully reloaded assembly
- Completed reload, in  1.721 seconds
Platform modules already initialized, skipping
Refreshing native plugins compatible for Editor in 1.15 ms, found 1 plugins.
Preloading 0 native plugins for Editor in 0.00 ms.
Unloading 5143 Unused Serialized files (Serialized files now loaded: 0)
System memory in use before: 231.2 MB.
System memory in use after: 228.9 MB.

Unloading 37 unused Assets to reduce memory usage. Loaded Objects now: 6379.
Total: 6.929800 ms (FindLiveObjects: 0.632600 ms CreateObjectMapping: 0.402900 ms MarkObjects: 3.196700 ms  DeleteObjects: 2.696300 ms)

========================================================================
Received Prepare
Registering precompiled user dll's ...
Registered in 0.006987 seconds.
Begin MonoManager ReloadAssembly
Native extension for WindowsStandalone target not found
Refreshing native plugins compatible for Editor in 1.44 ms, found 1 plugins.
Preloading 0 native plugins for Editor in 0.00 ms.
Mono: successfully reloaded assembly
- Completed reload, in  2.344 seconds
Platform modules already initialized, skipping
Refreshing native plugins compatible for Editor in 1.05 ms, found 1 plugins.
Preloading 0 native plugins for Editor in 0.00 ms.
Unloading 5143 Unused Serialized files (Serialized files now loaded: 0)
System memory in use before: 231.2 MB.
System memory in use after: 228.9 MB.

Unloading 37 unused Assets to reduce memory usage. Loaded Objects now: 6382.
Total: 9.961800 ms (FindLiveObjects: 0.818700 ms CreateObjectMapping: 3.159400 ms MarkObjects: 3.985000 ms  DeleteObjects: 1.997500 ms)

========================================================================
Received Prepare
Registering precompiled user dll's ...
Registered in 0.006165 seconds.
Begin MonoManager ReloadAssembly
Native extension for WindowsStandalone target not found
Refreshing native plugins compatible for Editor in 1.62 ms, found 1 plugins.
Preloading 0 native plugins for Editor in 0.00 ms.
Mono: successfully reloaded assembly
- Completed reload, in  1.657 seconds
Platform modules already initialized, skipping
Refreshing native plugins compatible for Editor in 1.00 ms, found 1 plugins.
Preloading 0 native plugins for Editor in 0.00 ms.
Unloading 5143 Unused Serialized files (Serialized files now loaded: 0)
System memory in use before: 231.2 MB.
System memory in use after: 228.9 MB.

Unloading 37 unused Assets to reduce memory usage. Loaded Objects now: 6385.
Total: 6.402000 ms (FindLiveObjects: 0.548300 ms CreateObjectMapping: 0.396000 ms MarkObjects: 3.493300 ms  DeleteObjects: 1.949800 ms)

========================================================================
Received Prepare
Registering precompiled user dll's ...
Registered in 0.006183 seconds.
Begin MonoManager ReloadAssembly
Native extension for WindowsStandalone target not found
Refreshing native plugins compatible for Editor in 1.21 ms, found 1 plugins.
Preloading 0 native plugins for Editor in 0.00 ms.
Mono: successfully reloaded assembly
- Completed reload, in  1.908 seconds
Platform modules already initialized, skipping
Refreshing native plugins compatible for Editor in 1.11 ms, found 1 plugins.
Preloading 0 native plugins for Editor in 0.00 ms.
Unloading 5143 Unused Serialized files (Serialized files now loaded: 0)
System memory in use before: 231.3 MB.
System memory in use after: 229.0 MB.

Unloading 37 unused Assets to reduce memory usage. Loaded Objects now: 6388.
Total: 6.327500 ms (FindLiveObjects: 0.558800 ms CreateObjectMapping: 0.432200 ms MarkObjects: 3.432800 ms  DeleteObjects: 1.902000 ms)

========================================================================
Received Prepare
Registering precompiled user dll's ...
Registered in 0.007032 seconds.
Begin MonoManager ReloadAssembly
Native extension for WindowsStandalone target not found
Refreshing native plugins compatible for Editor in 1.38 ms, found 1 plugins.
Preloading 0 native plugins for Editor in 0.00 ms.
Mono: successfully reloaded assembly
- Completed reload, in  1.554 seconds
Platform modules already initialized, skipping
Refreshing native plugins compatible for Editor in 1.00 ms, found 1 plugins.
Preloading 0 native plugins for Editor in 0.00 ms.
Unloading 5143 Unused Serialized files (Serialized files now loaded: 0)
System memory in use before: 231.3 MB.
System memory in use after: 229.0 MB.

Unloading 37 unused Assets to reduce memory usage. Loaded Objects now: 6391.
Total: 7.220300 ms (FindLiveObjects: 0.903500 ms CreateObjectMapping: 0.892400 ms MarkObjects: 3.501700 ms  DeleteObjects: 1.921500 ms)

========================================================================
Received Import Request.
  Time since last request: 1958.083640 seconds.
  path: Assets/GameScene.unity
  artifactKey: Guid(4808b75bfa839b74b9302fd57a49137d) Importer(815301076,1909f56bfc062723c751e8b465ee728b)
Start importing Assets/GameScene.unity using Guid(4808b75bfa839b74b9302fd57a49137d) Importer(815301076,1909f56bfc062723c751e8b465ee728b)  -> (artifact id: 'f04d9a10d54e39cafcccd3895e558138') in 0.020513 seconds 
========================================================================
Received Import Request.
  Time since last request: 0.000710 seconds.
  path: Assets/New Scene.unity
  artifactKey: Guid(6c480c73fc66c1945aba785aea6e1a2e) Importer(815301076,1909f56bfc062723c751e8b465ee728b)
Start importing Assets/New Scene.unity using Guid(6c480c73fc66c1945aba785aea6e1a2e) Importer(815301076,1909f56bfc062723c751e8b465ee728b)  -> (artifact id: 'e34a87671dce03bc825791ff0ccbb8b8') in 0.015885 seconds 
========================================================================
Received Prepare
Refreshing native plugins compatible for Editor in 3.23 ms, found 1 plugins.
Preloading 0 native plugins for Editor in 0.00 ms.
Unloading 35 Unused Serialized files (Serialized files now loaded: 0)
System memory in use before: 130.2 MB.
System memory in use after: 127.9 MB.

Unloading 35 unused Assets to reduce memory usage. Loaded Objects now: 6391.
Total: 10.623000 ms (FindLiveObjects: 0.620600 ms CreateObjectMapping: 0.381800 ms MarkObjects: 7.190900 ms  DeleteObjects: 2.428100 ms)

AssetImportWorkerClient::OnTransportError - code=2 error=End of file
