Using pre-set license
Built from '2021.1/staging' branch; Version is '2021.1.6f1 (c0fade0cc7e9) revision 12647134'; Using compiler version '192528614'; Build Type 'Release'
OS: 'Windows 10 Home; OS build 19042.928; Version 2009; 64bit' Language: 'pl' Physical Memory: 7986 MB
BatchMode: 1, IsHumanControllingUs: 0, StartBugReporterOnCrash: 0, Is64bit: 1, IsPro: 0

 COMMAND LINE ARGUMENTS:
C:\Program Files\Unity\Hub\Editor\2021.1.6f1\Editor\Unity.exe
-adb2
-batchMode
-noUpm
-name
AssetImportWorker0
-projectPath
C:/Unity/Zadanie testowe jajka/Zadanie Testowe Dawid Fijałkowski
-logFile
Logs/AssetImportWorker0.log
-srvPort
50767
Successfully changed project path to: C:/Unity/Zadanie testowe jajka/Zadanie Testowe Dawid Fijałkowski
C:/Unity/Zadanie testowe jajka/Zadanie Testowe Dawid Fijałkowski
Using Asset Import Pipeline V2.
Refreshing native plugins compatible for Editor in 166.70 ms, found 1 plugins.
Preloading 0 native plugins for Editor in 0.00 ms.
Initialize engine version: 2021.1.6f1 (c0fade0cc7e9)
[Subsystems] Discovering subsystems at path C:/Program Files/Unity/Hub/Editor/2021.1.6f1/Editor/Data/Resources/UnitySubsystems
[Subsystems] Discovering subsystems at path C:/Unity/Zadanie testowe jajka/Zadanie Testowe Dawid Fijałkowski/Assets
GfxDevice: creating device client; threaded=0; jobified=0
Direct3D:
    Version:  Direct3D 11.0 [level 11.1]
    Renderer: Intel(R) UHD Graphics 620 (ID=0x3ea0)
    Vendor:   Intel
    VRAM:     3993 MB
    Driver:   25.20.100.6471
Initialize mono
Mono path[0] = 'C:/Program Files/Unity/Hub/Editor/2021.1.6f1/Editor/Data/Managed'
Mono path[1] = 'C:/Program Files/Unity/Hub/Editor/2021.1.6f1/Editor/Data/MonoBleedingEdge/lib/mono/unityjit'
Mono config path = 'C:/Program Files/Unity/Hub/Editor/2021.1.6f1/Editor/Data/MonoBleedingEdge/etc'
Using monoOptions --debugger-agent=transport=dt_socket,embedding=1,server=y,suspend=n,address=127.0.0.1:56312
Begin MonoManager ReloadAssembly
Registering precompiled unity dll's ...
Register platform support module: C:/Program Files/Unity/Hub/Editor/2021.1.6f1/Editor/Data/PlaybackEngines/WindowsStandaloneSupport/UnityEditor.WindowsStandalone.Extensions.dll
Registered in 0.003754 seconds.
Native extension for WindowsStandalone target not found
Refreshing native plugins compatible for Editor in 175.55 ms, found 1 plugins.
Preloading 0 native plugins for Editor in 0.00 ms.
Mono: successfully reloaded assembly
- Completed reload, in  1.964 seconds
Platform modules already initialized, skipping
Registering precompiled user dll's ...
Registered in 0.004921 seconds.
Begin MonoManager ReloadAssembly
Native extension for WindowsStandalone target not found
Refreshing native plugins compatible for Editor in 179.04 ms, found 1 plugins.
Preloading 0 native plugins for Editor in 0.00 ms.
Mono: successfully reloaded assembly
- Completed reload, in  2.036 seconds
Platform modules already initialized, skipping
========================================================================
Worker process is ready to serve import requests
Launched and connected shader compiler UnityShaderCompiler.exe after 0.07 seconds
Refreshing native plugins compatible for Editor in 1.07 ms, found 1 plugins.
Preloading 0 native plugins for Editor in 0.00 ms.
Unloading 5403 Unused Serialized files (Serialized files now loaded: 0)
System memory in use before: 226.3 MB.
System memory in use after: 223.5 MB.

Unloading 50 unused Assets to reduce memory usage. Loaded Objects now: 5831.
Total: 5.709200 ms (FindLiveObjects: 0.544200 ms CreateObjectMapping: 0.282500 ms MarkObjects: 2.847000 ms  DeleteObjects: 2.034700 ms)

========================================================================
Received Import Request.
  path: Assets/Controls/MainControls.inputactions
  artifactKey: Guid(826d87c1a93a6f644bc0deb91378dad8) Importer(815301076,1909f56bfc062723c751e8b465ee728b)
Start importing Assets/Controls/MainControls.inputactions using Guid(826d87c1a93a6f644bc0deb91378dad8) Importer(815301076,1909f56bfc062723c751e8b465ee728b)  -> (artifact id: '1ab7acbb493a69e167dfd573d02c5e7b') in 0.071916 seconds 
========================================================================
Received Prepare
Registering precompiled user dll's ...
Registered in 0.004280 seconds.
Begin MonoManager ReloadAssembly
Native extension for WindowsStandalone target not found
Refreshing native plugins compatible for Editor in 1.06 ms, found 1 plugins.
Preloading 0 native plugins for Editor in 0.00 ms.
Mono: successfully reloaded assembly
- Completed reload, in  1.646 seconds
Platform modules already initialized, skipping
Refreshing native plugins compatible for Editor in 1.03 ms, found 1 plugins.
Preloading 0 native plugins for Editor in 0.00 ms.
Unloading 5150 Unused Serialized files (Serialized files now loaded: 0)
System memory in use before: 214.1 MB.
System memory in use after: 211.4 MB.

Unloading 43 unused Assets to reduce memory usage. Loaded Objects now: 5835.
Total: 7.126600 ms (FindLiveObjects: 0.710000 ms CreateObjectMapping: 0.662000 ms MarkObjects: 3.958200 ms  DeleteObjects: 1.794800 ms)

========================================================================
Received Prepare
Registering precompiled user dll's ...
Registered in 0.006196 seconds.
Begin MonoManager ReloadAssembly
Native extension for WindowsStandalone target not found
Refreshing native plugins compatible for Editor in 1.29 ms, found 1 plugins.
Preloading 0 native plugins for Editor in 0.00 ms.
Mono: successfully reloaded assembly
- Completed reload, in  2.093 seconds
Platform modules already initialized, skipping
Refreshing native plugins compatible for Editor in 1.28 ms, found 1 plugins.
Preloading 0 native plugins for Editor in 0.00 ms.
Unloading 5150 Unused Serialized files (Serialized files now loaded: 0)
System memory in use before: 214.2 MB.
System memory in use after: 211.5 MB.

Unloading 43 unused Assets to reduce memory usage. Loaded Objects now: 5838.
Total: 7.066400 ms (FindLiveObjects: 0.729500 ms CreateObjectMapping: 0.573700 ms MarkObjects: 3.585400 ms  DeleteObjects: 2.176700 ms)

========================================================================
Received Prepare
Registering precompiled user dll's ...
Registered in 0.005110 seconds.
Begin MonoManager ReloadAssembly
Native extension for WindowsStandalone target not found
Refreshing native plugins compatible for Editor in 1.09 ms, found 1 plugins.
Preloading 0 native plugins for Editor in 0.00 ms.
Mono: successfully reloaded assembly
- Completed reload, in  1.495 seconds
Platform modules already initialized, skipping
Refreshing native plugins compatible for Editor in 1.46 ms, found 1 plugins.
Preloading 0 native plugins for Editor in 0.00 ms.
Unloading 5150 Unused Serialized files (Serialized files now loaded: 0)
System memory in use before: 214.3 MB.
System memory in use after: 211.5 MB.

Unloading 43 unused Assets to reduce memory usage. Loaded Objects now: 5841.
Total: 6.300800 ms (FindLiveObjects: 0.615200 ms CreateObjectMapping: 0.420900 ms MarkObjects: 3.411000 ms  DeleteObjects: 1.852600 ms)

========================================================================
Received Prepare
Refreshing native plugins compatible for Editor in 4.63 ms, found 1 plugins.
Preloading 0 native plugins for Editor in 0.00 ms.
Unloading 41 Unused Serialized files (Serialized files now loaded: 0)
System memory in use before: 113.1 MB.
System memory in use after: 110.4 MB.

Unloading 41 unused Assets to reduce memory usage. Loaded Objects now: 5841.
Total: 6.478000 ms (FindLiveObjects: 0.523200 ms CreateObjectMapping: 0.420100 ms MarkObjects: 3.198300 ms  DeleteObjects: 2.335000 ms)

AssetImportWorkerClient::OnTransportError - code=2 error=End of file
